# Logfile created on Mon Feb 15 14:25:26 +0100 2010  [4;36;1mSQL (0.2ms)[0m   [0;1m SELECT name
 FROM sqlite_master
 WHERE type = 'table' AND NOT name = 'sqlite_sequence'
[0m
  [4;35;1mSQL (0.1ms)[0m   [0mselect sqlite_version(*)[0m
  [4;36;1mSQL (2.0ms)[0m   [0;1mCREATE TABLE "schema_migrations" ("version" varchar(255) NOT NULL) [0m
  [4;35;1mSQL (2.6ms)[0m   [0mCREATE UNIQUE INDEX "unique_schema_migrations" ON "schema_migrations" ("version")[0m
  [4;36;1mSQL (0.3ms)[0m   [0;1m SELECT name
 FROM sqlite_master
 WHERE type = 'table' AND NOT name = 'sqlite_sequence'
[0m
  [4;35;1mSQL (0.2ms)[0m   [0mSELECT version FROM schema_migrations[0m
Migrating to CreateMovies (20100215132527)
  [4;36;1mSQL (0.5ms)[0m   [0;1mCREATE TABLE "movies" ("id" INTEGER PRIMARY KEY AUTOINCREMENT NOT NULL, "title" varchar(255), "path" varchar(255), "created_at" datetime, "updated_at" datetime) [0m
  [4;35;1mSQL (0.3ms)[0m   [0mINSERT INTO schema_migrations (version) VALUES ('20100215132527')[0m
  [4;36;1mSQL (0.3ms)[0m   [0;1m SELECT name
 FROM sqlite_master
 WHERE type = 'table' AND NOT name = 'sqlite_sequence'
[0m
  [4;35;1mSQL (0.1ms)[0m   [0mSELECT version FROM schema_migrations[0m
  [4;36;1mSQL (0.1ms)[0m   [0;1m SELECT name
 FROM sqlite_master
 WHERE type = 'table' AND NOT name = 'sqlite_sequence'
[0m
  [4;35;1mSQL (0.1ms)[0m   [0mPRAGMA index_list("movies")[0m


Processing MoviesController#new (for 127.0.0.1 at 2010-02-15 14:26:31) [GET]
Rendering template within layouts/movies
Rendering movies/new
Completed in 27ms (View: 23, DB: 0) | 200 OK [http://localhost/movies/new]


Processing MoviesController#create (for 127.0.0.1 at 2010-02-15 14:26:34) [POST]
  Parameters: {"commit"=>"Create", "authenticity_token"=>"8rL8/xJvGiMFsrfoke1nFATi3c0TEKzc4/WoK0760OI=", "movie"=>{"title"=>"sadf", "path"=>"sadf"}}
  [4;36;1mMovie Create (0.4ms)[0m   [0;1mINSERT INTO "movies" ("created_at", "title", "updated_at", "path") VALUES('2010-02-15 13:26:34', 'sadf', '2010-02-15 13:26:34', 'sadf')[0m
Redirected to http://localhost:3000/movies/1
Completed in 10ms (DB: 0) | 302 Found [http://localhost/movies]


Processing MoviesController#show (for 127.0.0.1 at 2010-02-15 14:26:34) [GET]
  Parameters: {"id"=>"1"}
  [4;35;1mMovie Load (0.2ms)[0m   [0mSELECT * FROM "movies" WHERE ("movies"."id" = 1) [0m
Rendering template within layouts/movies
Rendering movies/show
Completed in 10ms (View: 6, DB: 0) | 200 OK [http://localhost/movies/1]


Processing MoviesController#edit (for 127.0.0.1 at 2010-02-15 14:26:37) [GET]
  Parameters: {"id"=>"1"}
  [4;36;1mMovie Load (0.2ms)[0m   [0;1mSELECT * FROM "movies" WHERE ("movies"."id" = 1) [0m
Rendering template within layouts/movies
Rendering movies/edit
Completed in 13ms (View: 9, DB: 0) | 200 OK [http://localhost/movies/1/edit]


Processing MoviesController#show (for 127.0.0.1 at 2010-02-15 14:27:00) [GET]
  Parameters: {"id"=>"1"}
  [4;35;1mMovie Load (0.2ms)[0m   [0mSELECT * FROM "movies" WHERE ("movies"."id" = 1) [0m
Rendering template within layouts/movies
Rendering movies/show
Completed in 7ms (View: 2, DB: 0) | 200 OK [http://localhost/movies/1]


Processing MoviesController#edit (for 127.0.0.1 at 2010-02-15 14:27:08) [GET]
  Parameters: {"id"=>"1"}
  [4;36;1mMovie Load (0.2ms)[0m   [0;1mSELECT * FROM "movies" WHERE ("movies"."id" = 1) [0m
Rendering template within layouts/movies
Rendering movies/edit
Completed in 9ms (View: 5, DB: 0) | 200 OK [http://localhost/movies/1/edit]


Processing MoviesController#show (for 127.0.0.1 at 2010-02-15 14:34:19) [GET]
  Parameters: {"id"=>"1"}
  [4;35;1mMovie Load (0.2ms)[0m   [0mSELECT * FROM "movies" WHERE ("movies"."id" = 1) [0m
Rendering template within layouts/movies
Rendering movies/show
Completed in 7ms (View: 2, DB: 0) | 200 OK [http://localhost/movies/1]


Processing MoviesController#index (for 127.0.0.1 at 2010-02-15 14:34:22) [GET]
  [4;36;1mMovie Load (0.4ms)[0m   [0;1mSELECT * FROM "movies" [0m
Rendering template within layouts/movies
Rendering movies/index
Completed in 12ms (View: 8, DB: 0) | 200 OK [http://localhost/movies]


Processing MoviesController#destroy (for 127.0.0.1 at 2010-02-15 14:34:27) [DELETE]
  Parameters: {"authenticity_token"=>"8rL8/xJvGiMFsrfoke1nFATi3c0TEKzc4/WoK0760OI=", "id"=>"1"}
  [4;35;1mMovie Load (0.2ms)[0m   [0mSELECT * FROM "movies" WHERE ("movies"."id" = 1) [0m
  [4;36;1mMovie Destroy (0.2ms)[0m   [0;1mDELETE FROM "movies" WHERE "id" = 1[0m
Redirected to http://localhost:3000/movies
Completed in 8ms (DB: 0) | 302 Found [http://localhost/movies/1]


Processing MoviesController#index (for 127.0.0.1 at 2010-02-15 14:34:27) [GET]
  [4;35;1mMovie Load (0.3ms)[0m   [0mSELECT * FROM "movies" [0m
Rendering template within layouts/movies
Rendering movies/index
Completed in 5ms (View: 1, DB: 0) | 200 OK [http://localhost/movies]


Processing MoviesController#new (for 127.0.0.1 at 2010-02-15 14:34:29) [GET]
Rendering template within layouts/movies
Rendering movies/new
Completed in 8ms (View: 4, DB: 0) | 200 OK [http://localhost/movies/new]


Processing MoviesController#index (for 127.0.0.1 at 2010-02-15 14:45:40) [GET]
  [4;36;1mMovie Load (0.3ms)[0m   [0;1mSELECT * FROM "movies" [0m
Rendering template within layouts/movies
Rendering movies/index
Completed in 5ms (View: 1, DB: 0) | 200 OK [http://localhost/movies]


Processing MoviesController#index (for 127.0.0.1 at 2010-02-16 11:28:24) [GET]
  [4;36;1mMovie Load (1.1ms)[0m   [0;1mSELECT * FROM "movies" [0m
Rendering template within layouts/movies
Rendering movies/index
Completed in 143ms (View: 137, DB: 1) | 200 OK [http://localhost/movies]


Processing Rails::InfoController#properties (for 127.0.0.1 at 2010-02-16 11:29:04) [GET]
  [4;35;1mSQL (0.4ms)[0m   [0m SELECT name
 FROM sqlite_master
 WHERE type = 'table' AND NOT name = 'sqlite_sequence'
[0m
  [4;36;1mSQL (0.1ms)[0m   [0;1mSELECT version FROM schema_migrations[0m
Completed in 46ms (View: 5, DB: 1) | 200 OK [http://localhost/rails/info/properties]


Processing MoviesController#index (for 127.0.0.1 at 2010-02-16 11:29:08) [GET]
  [4;35;1mMovie Load (0.4ms)[0m   [0mSELECT * FROM "movies" [0m
Rendering template within layouts/movies
Rendering movies/index
Completed in 5ms (View: 1, DB: 0) | 200 OK [http://localhost/movies]


Processing MoviesController#new (for 127.0.0.1 at 2010-02-16 11:29:11) [GET]
Rendering template within layouts/movies
Rendering movies/new
Completed in 26ms (View: 22, DB: 0) | 200 OK [http://localhost/movies/new]


Processing MoviesController#index (for 127.0.0.1 at 2010-02-16 11:34:30) [GET]
  [4;36;1mMovie Load (0.3ms)[0m   [0;1mSELECT * FROM "movies" [0m
Rendering template within layouts/movies
Rendering movies/index
Completed in 5ms (View: 1, DB: 0) | 200 OK [http://localhost/movies]


Processing MoviesController#new (for 127.0.0.1 at 2010-02-16 11:34:31) [GET]
Rendering template within layouts/movies
Rendering movies/new
Completed in 8ms (View: 4, DB: 0) | 200 OK [http://localhost/movies/new]


Processing MoviesController#create (for 127.0.0.1 at 2010-02-16 11:34:34) [POST]
  Parameters: {"commit"=>"Create", "authenticity_token"=>"8rL8/xJvGiMFsrfoke1nFATi3c0TEKzc4/WoK0760OI=", "movie"=>{"title"=>"", "path"=>"f"}}
  [4;35;1mMovie Create (0.5ms)[0m   [0mINSERT INTO "movies" ("created_at", "title", "updated_at", "path") VALUES('2010-02-16 10:34:34', '', '2010-02-16 10:34:34', 'f')[0m
Redirected to http://localhost:3000/movies/2
Completed in 67ms (DB: 0) | 302 Found [http://localhost/movies]


Processing MoviesController#show (for 127.0.0.1 at 2010-02-16 11:34:34) [GET]
  Parameters: {"id"=>"2"}
  [4;36;1mMovie Load (0.2ms)[0m   [0;1mSELECT * FROM "movies" WHERE ("movies"."id" = 2) [0m
Rendering template within layouts/movies
Rendering movies/show
Completed in 27ms (View: 23, DB: 0) | 200 OK [http://localhost/movies/2]


Processing MoviesController#edit (for 127.0.0.1 at 2010-02-16 11:35:36) [GET]
  Parameters: {"id"=>"2"}
  [4;35;1mMovie Load (0.2ms)[0m   [0mSELECT * FROM "movies" WHERE ("movies"."id" = 2) [0m
Rendering template within layouts/movies
Rendering movies/edit
Completed in 14ms (View: 10, DB: 0) | 200 OK [http://localhost/movies/2/edit]


Processing MoviesController#update (for 127.0.0.1 at 2010-02-16 11:35:37) [PUT]
  Parameters: {"commit"=>"Update", "authenticity_token"=>"8rL8/xJvGiMFsrfoke1nFATi3c0TEKzc4/WoK0760OI=", "id"=>"2", "movie"=>{"title"=>"", "path"=>"f"}}
  [4;36;1mMovie Load (0.2ms)[0m   [0;1mSELECT * FROM "movies" WHERE ("movies"."id" = 2) [0m
Rendering template within layouts/movies
Rendering movies/edit
Completed in 15ms (View: 8, DB: 0) | 200 OK [http://localhost/movies/2]


Processing MoviesController#update (for 127.0.0.1 at 2010-02-16 11:37:02) [PUT]
  Parameters: {"commit"=>"Update", "authenticity_token"=>"8rL8/xJvGiMFsrfoke1nFATi3c0TEKzc4/WoK0760OI=", "id"=>"2", "movie"=>{"title"=>"sdf", "path"=>""}}
  [4;35;1mMovie Load (0.2ms)[0m   [0mSELECT * FROM "movies" WHERE ("movies"."id" = 2) [0m
Rendering template within layouts/movies
Rendering movies/edit
Completed in 15ms (View: 8, DB: 0) | 200 OK [http://localhost/movies/2]


Processing MoviesController#index (for 127.0.0.1 at 2010-02-17 02:04:07) [GET]
  [4;36;1mMovie Load (0.4ms)[0m   [0;1mSELECT * FROM "movies" [0m
Rendering template within layouts/movies
Rendering movies/index
Completed in 9ms (View: 5, DB: 0) | 200 OK [http://localhost/movies]


Processing MoviesController#new (for 127.0.0.1 at 2010-02-17 02:04:19) [GET]
Rendering template within layouts/movies
Rendering movies/new
Completed in 8ms (View: 4, DB: 0) | 200 OK [http://localhost/movies/new]


Processing MoviesController#create (for 127.0.0.1 at 2010-02-17 02:04:21) [POST]
  Parameters: {"commit"=>"Create", "authenticity_token"=>"8rL8/xJvGiMFsrfoke1nFATi3c0TEKzc4/WoK0760OI=", "movie"=>{"title"=>"da", "path"=>"da"}}
  [4;35;1mMovie Create (0.3ms)[0m   [0mINSERT INTO "movies" ("created_at", "title", "updated_at", "path") VALUES('2010-02-17 01:04:21', 'da', '2010-02-17 01:04:21', 'da')[0m
Redirected to http://localhost:3000/movies/3
Completed in 9ms (DB: 0) | 302 Found [http://localhost/movies]


Processing MoviesController#show (for 127.0.0.1 at 2010-02-17 02:04:21) [GET]
  Parameters: {"id"=>"3"}
  [4;36;1mMovie Load (0.2ms)[0m   [0;1mSELECT * FROM "movies" WHERE ("movies"."id" = 3) [0m
Rendering template within layouts/movies
Rendering movies/show
Completed in 7ms (View: 2, DB: 0) | 200 OK [http://localhost/movies/3]


Processing MoviesController#index (for 127.0.0.1 at 2010-02-17 02:04:24) [GET]
  [4;35;1mMovie Load (0.5ms)[0m   [0mSELECT * FROM "movies" [0m
Rendering template within layouts/movies
Rendering movies/index
Completed in 11ms (View: 7, DB: 0) | 200 OK [http://localhost/movies]


Processing MoviesController#index (for 127.0.0.1 at 2010-02-17 02:05:44) [GET]
  [4;36;1mMovie Load (0.5ms)[0m   [0;1mSELECT * FROM "movies" [0m
Rendering template within layouts/movies
Rendering movies/index
Completed in 15ms (View: 11, DB: 0) | 200 OK [http://localhost/movies]


Processing MoviesController#new (for 127.0.0.1 at 2010-02-17 02:05:47) [GET]
Rendering template within layouts/movies
Rendering movies/new
Completed in 8ms (View: 4, DB: 0) | 200 OK [http://localhost/movies/new]


Processing MoviesController#create (for 127.0.0.1 at 2010-02-17 02:05:55) [POST]
  Parameters: {"commit"=>"Create", "authenticity_token"=>"8rL8/xJvGiMFsrfoke1nFATi3c0TEKzc4/WoK0760OI=", "movie"=>{"title"=>"this sux", "path"=>"this xu"}}
  [4;35;1mMovie Create (0.4ms)[0m   [0mINSERT INTO "movies" ("created_at", "title", "updated_at", "path") VALUES('2010-02-17 01:05:55', 'this sux', '2010-02-17 01:05:55', 'this xu')[0m
Redirected to http://localhost:3000/movies/4
Completed in 9ms (DB: 0) | 302 Found [http://localhost/movies]


Processing MoviesController#show (for 127.0.0.1 at 2010-02-17 02:05:55) [GET]
  Parameters: {"id"=>"4"}
  [4;36;1mMovie Load (0.2ms)[0m   [0;1mSELECT * FROM "movies" WHERE ("movies"."id" = 4) [0m
Rendering template within layouts/movies
Rendering movies/show
Completed in 7ms (View: 2, DB: 0) | 200 OK [http://localhost/movies/4]


Processing MoviesController#index (for 127.0.0.1 at 2010-02-17 02:10:05) [GET]
  [4;35;1mMovie Load (0.5ms)[0m   [0mSELECT * FROM "movies" [0m
Rendering template within layouts/movies
Rendering movies/index
Completed in 14ms (View: 9, DB: 1) | 200 OK [http://localhost/movies]


Processing MoviesController#index (for 127.0.0.1 at 2010-02-17 02:11:39) [GET]
  [4;36;1mMovie Load (0.6ms)[0m   [0;1mSELECT * FROM "movies" [0m
Rendering template within layouts/movies
Rendering movies/index
Completed in 14ms (View: 10, DB: 1) | 200 OK [http://localhost/movies]


Processing MoviesController#index (for 127.0.0.1 at 2010-02-17 02:11:41) [GET]
  [4;35;1mMovie Load (0.6ms)[0m   [0mSELECT * FROM "movies" [0m
Rendering template within layouts/movies
Rendering movies/index
Completed in 14ms (View: 10, DB: 1) | 200 OK [http://localhost/movies]
/!\ FAILSAFE /!\  Wed Feb 17 02:16:47 +0100 2010
  Status: 500 Internal Server Error
  /Users/fgruber/Projects/moviebox/app/controllers/application_controller.rb:19: syntax error, unexpected $end, expecting kEND
    /Library/Ruby/Gems/1.8/gems/activesupport-2.3.5/lib/active_support/dependencies.rb:380:in `load_without_new_constant_marking'
    /Library/Ruby/Gems/1.8/gems/activesupport-2.3.5/lib/active_support/dependencies.rb:380:in `load_file'
    /Library/Ruby/Gems/1.8/gems/activesupport-2.3.5/lib/active_support/dependencies.rb:521:in `new_constants_in'
    /Library/Ruby/Gems/1.8/gems/activesupport-2.3.5/lib/active_support/dependencies.rb:379:in `load_file'
    /Library/Ruby/Gems/1.8/gems/activesupport-2.3.5/lib/active_support/dependencies.rb:259:in `require_or_load'
    /Library/Ruby/Gems/1.8/gems/activesupport-2.3.5/lib/active_support/dependencies.rb:425:in `load_missing_constant'
    /Library/Ruby/Gems/1.8/gems/activesupport-2.3.5/lib/active_support/dependencies.rb:80:in `const_missing'
    /Library/Ruby/Gems/1.8/gems/activesupport-2.3.5/lib/active_support/dependencies.rb:92:in `const_missing'
    /Library/Ruby/Gems/1.8/gems/actionpack-2.3.5/lib/action_controller/dispatcher.rb:89:in `dispatch'
    /Library/Ruby/Gems/1.8/gems/actionpack-2.3.5/lib/action_controller/dispatcher.rb:121:in `_call'
    /Library/Ruby/Gems/1.8/gems/actionpack-2.3.5/lib/action_controller/dispatcher.rb:130:in `build_middleware_stack'
    /Library/Ruby/Gems/1.8/gems/activerecord-2.3.5/lib/active_record/query_cache.rb:29:in `call'
    /Library/Ruby/Gems/1.8/gems/activerecord-2.3.5/lib/active_record/query_cache.rb:29:in `call'
    /Library/Ruby/Gems/1.8/gems/activerecord-2.3.5/lib/active_record/connection_adapters/abstract/query_cache.rb:34:in `cache'
    /Library/Ruby/Gems/1.8/gems/activerecord-2.3.5/lib/active_record/query_cache.rb:9:in `cache'
    /Library/Ruby/Gems/1.8/gems/activerecord-2.3.5/lib/active_record/query_cache.rb:28:in `call'
    /Library/Ruby/Gems/1.8/gems/activerecord-2.3.5/lib/active_record/connection_adapters/abstract/connection_pool.rb:361:in `call'
    /Library/Ruby/Gems/1.8/gems/actionpack-2.3.5/lib/action_controller/string_coercion.rb:25:in `call'
    /Library/Ruby/Gems/1.8/gems/rack-1.0.1/lib/rack/head.rb:9:in `call'
    /Library/Ruby/Gems/1.8/gems/rack-1.0.1/lib/rack/methodoverride.rb:24:in `call'
    /Library/Ruby/Gems/1.8/gems/actionpack-2.3.5/lib/action_controller/params_parser.rb:15:in `call'
    /Library/Ruby/Gems/1.8/gems/actionpack-2.3.5/lib/action_controller/session/cookie_store.rb:93:in `call'
    /Library/Ruby/Gems/1.8/gems/actionpack-2.3.5/lib/action_controller/failsafe.rb:26:in `call'
    /Library/Ruby/Gems/1.8/gems/rack-1.0.1/lib/rack/lock.rb:11:in `call'
    /Library/Ruby/Gems/1.8/gems/rack-1.0.1/lib/rack/lock.rb:11:in `synchronize'
    /Library/Ruby/Gems/1.8/gems/rack-1.0.1/lib/rack/lock.rb:11:in `call'
    /Library/Ruby/Gems/1.8/gems/actionpack-2.3.5/lib/action_controller/dispatcher.rb:114:in `call'
    /Library/Ruby/Gems/1.8/gems/actionpack-2.3.5/lib/action_controller/reloader.rb:34:in `run'
    /Library/Ruby/Gems/1.8/gems/actionpack-2.3.5/lib/action_controller/dispatcher.rb:108:in `call'
    /Library/Ruby/Gems/1.8/gems/rails-2.3.5/lib/rails/rack/static.rb:31:in `call'
    /Library/Ruby/Gems/1.8/gems/rack-1.0.1/lib/rack/urlmap.rb:46:in `call'
    /Library/Ruby/Gems/1.8/gems/rack-1.0.1/lib/rack/urlmap.rb:40:in `each'
    /Library/Ruby/Gems/1.8/gems/rack-1.0.1/lib/rack/urlmap.rb:40:in `call'
    /Library/Ruby/Gems/1.8/gems/rails-2.3.5/lib/rails/rack/log_tailer.rb:17:in `call'
    /Library/Ruby/Gems/1.8/gems/rack-1.0.1/lib/rack/content_length.rb:13:in `call'
    /Library/Ruby/Gems/1.8/gems/rack-1.0.1/lib/rack/chunked.rb:15:in `call'
    /Library/Ruby/Gems/1.8/gems/rack-1.0.1/lib/rack/handler/mongrel.rb:64:in `process'
    /System/Library/Frameworks/Ruby.framework/Versions/1.8/usr/lib/ruby/gems/1.8/gems/mongrel-1.1.5/lib/mongrel.rb:159:in `process_client'
    /System/Library/Frameworks/Ruby.framework/Versions/1.8/usr/lib/ruby/gems/1.8/gems/mongrel-1.1.5/lib/mongrel.rb:158:in `each'
    /System/Library/Frameworks/Ruby.framework/Versions/1.8/usr/lib/ruby/gems/1.8/gems/mongrel-1.1.5/lib/mongrel.rb:158:in `process_client'
    /System/Library/Frameworks/Ruby.framework/Versions/1.8/usr/lib/ruby/gems/1.8/gems/mongrel-1.1.5/lib/mongrel.rb:285:in `run'
    /System/Library/Frameworks/Ruby.framework/Versions/1.8/usr/lib/ruby/gems/1.8/gems/mongrel-1.1.5/lib/mongrel.rb:285:in `initialize'
    /System/Library/Frameworks/Ruby.framework/Versions/1.8/usr/lib/ruby/gems/1.8/gems/mongrel-1.1.5/lib/mongrel.rb:285:in `new'
    /System/Library/Frameworks/Ruby.framework/Versions/1.8/usr/lib/ruby/gems/1.8/gems/mongrel-1.1.5/lib/mongrel.rb:285:in `run'
    /System/Library/Frameworks/Ruby.framework/Versions/1.8/usr/lib/ruby/gems/1.8/gems/mongrel-1.1.5/lib/mongrel.rb:268:in `initialize'
    /System/Library/Frameworks/Ruby.framework/Versions/1.8/usr/lib/ruby/gems/1.8/gems/mongrel-1.1.5/lib/mongrel.rb:268:in `new'
    /System/Library/Frameworks/Ruby.framework/Versions/1.8/usr/lib/ruby/gems/1.8/gems/mongrel-1.1.5/lib/mongrel.rb:268:in `run'
    /Library/Ruby/Gems/1.8/gems/rack-1.0.1/lib/rack/handler/mongrel.rb:34:in `run'
    /Library/Ruby/Gems/1.8/gems/rails-2.3.5/lib/commands/server.rb:111
    /Library/Ruby/Site/1.8/rubygems/custom_require.rb:31:in `gem_original_require'
    /Library/Ruby/Site/1.8/rubygems/custom_require.rb:31:in `require'
    script/server:3
/!\ FAILSAFE /!\  Wed Feb 17 02:16:50 +0100 2010
  Status: 500 Internal Server Error
  /Users/fgruber/Projects/moviebox/app/controllers/application_controller.rb:19: syntax error, unexpected $end, expecting kEND
    /Library/Ruby/Gems/1.8/gems/activesupport-2.3.5/lib/active_support/dependencies.rb:380:in `load_without_new_constant_marking'
    /Library/Ruby/Gems/1.8/gems/activesupport-2.3.5/lib/active_support/dependencies.rb:380:in `load_file'
    /Library/Ruby/Gems/1.8/gems/activesupport-2.3.5/lib/active_support/dependencies.rb:521:in `new_constants_in'
    /Library/Ruby/Gems/1.8/gems/activesupport-2.3.5/lib/active_support/dependencies.rb:379:in `load_file'
    /Library/Ruby/Gems/1.8/gems/activesupport-2.3.5/lib/active_support/dependencies.rb:259:in `require_or_load'
    /Library/Ruby/Gems/1.8/gems/activesupport-2.3.5/lib/active_support/dependencies.rb:425:in `load_missing_constant'
    /Library/Ruby/Gems/1.8/gems/activesupport-2.3.5/lib/active_support/dependencies.rb:80:in `const_missing'
    /Library/Ruby/Gems/1.8/gems/activesupport-2.3.5/lib/active_support/dependencies.rb:92:in `const_missing'
    /Library/Ruby/Gems/1.8/gems/actionpack-2.3.5/lib/action_controller/dispatcher.rb:89:in `dispatch'
    /Library/Ruby/Gems/1.8/gems/actionpack-2.3.5/lib/action_controller/dispatcher.rb:121:in `_call'
    /Library/Ruby/Gems/1.8/gems/actionpack-2.3.5/lib/action_controller/dispatcher.rb:130:in `build_middleware_stack'
    /Library/Ruby/Gems/1.8/gems/activerecord-2.3.5/lib/active_record/query_cache.rb:29:in `call'
    /Library/Ruby/Gems/1.8/gems/activerecord-2.3.5/lib/active_record/query_cache.rb:29:in `call'
    /Library/Ruby/Gems/1.8/gems/activerecord-2.3.5/lib/active_record/connection_adapters/abstract/query_cache.rb:34:in `cache'
    /Library/Ruby/Gems/1.8/gems/activerecord-2.3.5/lib/active_record/query_cache.rb:9:in `cache'
    /Library/Ruby/Gems/1.8/gems/activerecord-2.3.5/lib/active_record/query_cache.rb:28:in `call'
    /Library/Ruby/Gems/1.8/gems/activerecord-2.3.5/lib/active_record/connection_adapters/abstract/connection_pool.rb:361:in `call'
    /Library/Ruby/Gems/1.8/gems/actionpack-2.3.5/lib/action_controller/string_coercion.rb:25:in `call'
    /Library/Ruby/Gems/1.8/gems/rack-1.0.1/lib/rack/head.rb:9:in `call'
    /Library/Ruby/Gems/1.8/gems/rack-1.0.1/lib/rack/methodoverride.rb:24:in `call'
    /Library/Ruby/Gems/1.8/gems/actionpack-2.3.5/lib/action_controller/params_parser.rb:15:in `call'
    /Library/Ruby/Gems/1.8/gems/actionpack-2.3.5/lib/action_controller/session/cookie_store.rb:93:in `call'
    /Library/Ruby/Gems/1.8/gems/actionpack-2.3.5/lib/action_controller/failsafe.rb:26:in `call'
    /Library/Ruby/Gems/1.8/gems/rack-1.0.1/lib/rack/lock.rb:11:in `call'
    /Library/Ruby/Gems/1.8/gems/rack-1.0.1/lib/rack/lock.rb:11:in `synchronize'
    /Library/Ruby/Gems/1.8/gems/rack-1.0.1/lib/rack/lock.rb:11:in `call'
    /Library/Ruby/Gems/1.8/gems/actionpack-2.3.5/lib/action_controller/dispatcher.rb:114:in `call'
    /Library/Ruby/Gems/1.8/gems/actionpack-2.3.5/lib/action_controller/reloader.rb:34:in `run'
    /Library/Ruby/Gems/1.8/gems/actionpack-2.3.5/lib/action_controller/dispatcher.rb:108:in `call'
    /Library/Ruby/Gems/1.8/gems/rails-2.3.5/lib/rails/rack/static.rb:31:in `call'
    /Library/Ruby/Gems/1.8/gems/rack-1.0.1/lib/rack/urlmap.rb:46:in `call'
    /Library/Ruby/Gems/1.8/gems/rack-1.0.1/lib/rack/urlmap.rb:40:in `each'
    /Library/Ruby/Gems/1.8/gems/rack-1.0.1/lib/rack/urlmap.rb:40:in `call'
    /Library/Ruby/Gems/1.8/gems/rails-2.3.5/lib/rails/rack/log_tailer.rb:17:in `call'
    /Library/Ruby/Gems/1.8/gems/rack-1.0.1/lib/rack/content_length.rb:13:in `call'
    /Library/Ruby/Gems/1.8/gems/rack-1.0.1/lib/rack/chunked.rb:15:in `call'
    /Library/Ruby/Gems/1.8/gems/rack-1.0.1/lib/rack/handler/mongrel.rb:64:in `process'
    /System/Library/Frameworks/Ruby.framework/Versions/1.8/usr/lib/ruby/gems/1.8/gems/mongrel-1.1.5/lib/mongrel.rb:159:in `process_client'
    /System/Library/Frameworks/Ruby.framework/Versions/1.8/usr/lib/ruby/gems/1.8/gems/mongrel-1.1.5/lib/mongrel.rb:158:in `each'
    /System/Library/Frameworks/Ruby.framework/Versions/1.8/usr/lib/ruby/gems/1.8/gems/mongrel-1.1.5/lib/mongrel.rb:158:in `process_client'
    /System/Library/Frameworks/Ruby.framework/Versions/1.8/usr/lib/ruby/gems/1.8/gems/mongrel-1.1.5/lib/mongrel.rb:285:in `run'
    /System/Library/Frameworks/Ruby.framework/Versions/1.8/usr/lib/ruby/gems/1.8/gems/mongrel-1.1.5/lib/mongrel.rb:285:in `initialize'
    /System/Library/Frameworks/Ruby.framework/Versions/1.8/usr/lib/ruby/gems/1.8/gems/mongrel-1.1.5/lib/mongrel.rb:285:in `new'
    /System/Library/Frameworks/Ruby.framework/Versions/1.8/usr/lib/ruby/gems/1.8/gems/mongrel-1.1.5/lib/mongrel.rb:285:in `run'
    /System/Library/Frameworks/Ruby.framework/Versions/1.8/usr/lib/ruby/gems/1.8/gems/mongrel-1.1.5/lib/mongrel.rb:268:in `initialize'
    /System/Library/Frameworks/Ruby.framework/Versions/1.8/usr/lib/ruby/gems/1.8/gems/mongrel-1.1.5/lib/mongrel.rb:268:in `new'
    /System/Library/Frameworks/Ruby.framework/Versions/1.8/usr/lib/ruby/gems/1.8/gems/mongrel-1.1.5/lib/mongrel.rb:268:in `run'
    /Library/Ruby/Gems/1.8/gems/rack-1.0.1/lib/rack/handler/mongrel.rb:34:in `run'
    /Library/Ruby/Gems/1.8/gems/rails-2.3.5/lib/commands/server.rb:111
    /Library/Ruby/Site/1.8/rubygems/custom_require.rb:31:in `gem_original_require'
    /Library/Ruby/Site/1.8/rubygems/custom_require.rb:31:in `require'
    script/server:3
/!\ FAILSAFE /!\  Wed Feb 17 02:18:17 +0100 2010
  Status: 500 Internal Server Error
  /Users/fgruber/Projects/moviebox/app/controllers/application_controller.rb:19: syntax error, unexpected $end, expecting kEND
    /Library/Ruby/Gems/1.8/gems/activesupport-2.3.5/lib/active_support/dependencies.rb:380:in `load_without_new_constant_marking'
    /Library/Ruby/Gems/1.8/gems/activesupport-2.3.5/lib/active_support/dependencies.rb:380:in `load_file'
    /Library/Ruby/Gems/1.8/gems/activesupport-2.3.5/lib/active_support/dependencies.rb:521:in `new_constants_in'
    /Library/Ruby/Gems/1.8/gems/activesupport-2.3.5/lib/active_support/dependencies.rb:379:in `load_file'
    /Library/Ruby/Gems/1.8/gems/activesupport-2.3.5/lib/active_support/dependencies.rb:259:in `require_or_load'
    /Library/Ruby/Gems/1.8/gems/activesupport-2.3.5/lib/active_support/dependencies.rb:425:in `load_missing_constant'
    /Library/Ruby/Gems/1.8/gems/activesupport-2.3.5/lib/active_support/dependencies.rb:80:in `const_missing'
    /Library/Ruby/Gems/1.8/gems/activesupport-2.3.5/lib/active_support/dependencies.rb:92:in `const_missing'
    /Library/Ruby/Gems/1.8/gems/actionpack-2.3.5/lib/action_controller/dispatcher.rb:89:in `dispatch'
    /Library/Ruby/Gems/1.8/gems/actionpack-2.3.5/lib/action_controller/dispatcher.rb:121:in `_call'
    /Library/Ruby/Gems/1.8/gems/actionpack-2.3.5/lib/action_controller/dispatcher.rb:130:in `build_middleware_stack'
    /Library/Ruby/Gems/1.8/gems/activerecord-2.3.5/lib/active_record/query_cache.rb:29:in `call'
    /Library/Ruby/Gems/1.8/gems/activerecord-2.3.5/lib/active_record/query_cache.rb:29:in `call'
    /Library/Ruby/Gems/1.8/gems/activerecord-2.3.5/lib/active_record/connection_adapters/abstract/query_cache.rb:34:in `cache'
    /Library/Ruby/Gems/1.8/gems/activerecord-2.3.5/lib/active_record/query_cache.rb:9:in `cache'
    /Library/Ruby/Gems/1.8/gems/activerecord-2.3.5/lib/active_record/query_cache.rb:28:in `call'
    /Library/Ruby/Gems/1.8/gems/activerecord-2.3.5/lib/active_record/connection_adapters/abstract/connection_pool.rb:361:in `call'
    /Library/Ruby/Gems/1.8/gems/actionpack-2.3.5/lib/action_controller/string_coercion.rb:25:in `call'
    /Library/Ruby/Gems/1.8/gems/rack-1.0.1/lib/rack/head.rb:9:in `call'
    /Library/Ruby/Gems/1.8/gems/rack-1.0.1/lib/rack/methodoverride.rb:24:in `call'
    /Library/Ruby/Gems/1.8/gems/actionpack-2.3.5/lib/action_controller/params_parser.rb:15:in `call'
    /Library/Ruby/Gems/1.8/gems/actionpack-2.3.5/lib/action_controller/session/cookie_store.rb:93:in `call'
    /Library/Ruby/Gems/1.8/gems/actionpack-2.3.5/lib/action_controller/failsafe.rb:26:in `call'
    /Library/Ruby/Gems/1.8/gems/rack-1.0.1/lib/rack/lock.rb:11:in `call'
    /Library/Ruby/Gems/1.8/gems/rack-1.0.1/lib/rack/lock.rb:11:in `synchronize'
    /Library/Ruby/Gems/1.8/gems/rack-1.0.1/lib/rack/lock.rb:11:in `call'
    /Library/Ruby/Gems/1.8/gems/actionpack-2.3.5/lib/action_controller/dispatcher.rb:114:in `call'
    /Library/Ruby/Gems/1.8/gems/actionpack-2.3.5/lib/action_controller/reloader.rb:34:in `run'
    /Library/Ruby/Gems/1.8/gems/actionpack-2.3.5/lib/action_controller/dispatcher.rb:108:in `call'
    /Library/Ruby/Gems/1.8/gems/rails-2.3.5/lib/rails/rack/static.rb:31:in `call'
    /Library/Ruby/Gems/1.8/gems/rack-1.0.1/lib/rack/urlmap.rb:46:in `call'
    /Library/Ruby/Gems/1.8/gems/rack-1.0.1/lib/rack/urlmap.rb:40:in `each'
    /Library/Ruby/Gems/1.8/gems/rack-1.0.1/lib/rack/urlmap.rb:40:in `call'
    /Library/Ruby/Gems/1.8/gems/rails-2.3.5/lib/rails/rack/log_tailer.rb:17:in `call'
    /Library/Ruby/Gems/1.8/gems/rack-1.0.1/lib/rack/content_length.rb:13:in `call'
    /Library/Ruby/Gems/1.8/gems/rack-1.0.1/lib/rack/chunked.rb:15:in `call'
    /Library/Ruby/Gems/1.8/gems/rack-1.0.1/lib/rack/handler/mongrel.rb:64:in `process'
    /System/Library/Frameworks/Ruby.framework/Versions/1.8/usr/lib/ruby/gems/1.8/gems/mongrel-1.1.5/lib/mongrel.rb:159:in `process_client'
    /System/Library/Frameworks/Ruby.framework/Versions/1.8/usr/lib/ruby/gems/1.8/gems/mongrel-1.1.5/lib/mongrel.rb:158:in `each'
    /System/Library/Frameworks/Ruby.framework/Versions/1.8/usr/lib/ruby/gems/1.8/gems/mongrel-1.1.5/lib/mongrel.rb:158:in `process_client'
    /System/Library/Frameworks/Ruby.framework/Versions/1.8/usr/lib/ruby/gems/1.8/gems/mongrel-1.1.5/lib/mongrel.rb:285:in `run'
    /System/Library/Frameworks/Ruby.framework/Versions/1.8/usr/lib/ruby/gems/1.8/gems/mongrel-1.1.5/lib/mongrel.rb:285:in `initialize'
    /System/Library/Frameworks/Ruby.framework/Versions/1.8/usr/lib/ruby/gems/1.8/gems/mongrel-1.1.5/lib/mongrel.rb:285:in `new'
    /System/Library/Frameworks/Ruby.framework/Versions/1.8/usr/lib/ruby/gems/1.8/gems/mongrel-1.1.5/lib/mongrel.rb:285:in `run'
    /System/Library/Frameworks/Ruby.framework/Versions/1.8/usr/lib/ruby/gems/1.8/gems/mongrel-1.1.5/lib/mongrel.rb:268:in `initialize'
    /System/Library/Frameworks/Ruby.framework/Versions/1.8/usr/lib/ruby/gems/1.8/gems/mongrel-1.1.5/lib/mongrel.rb:268:in `new'
    /System/Library/Frameworks/Ruby.framework/Versions/1.8/usr/lib/ruby/gems/1.8/gems/mongrel-1.1.5/lib/mongrel.rb:268:in `run'
    /Library/Ruby/Gems/1.8/gems/rack-1.0.1/lib/rack/handler/mongrel.rb:34:in `run'
    /Library/Ruby/Gems/1.8/gems/rails-2.3.5/lib/commands/server.rb:111
    /Library/Ruby/Site/1.8/rubygems/custom_require.rb:31:in `gem_original_require'
    /Library/Ruby/Site/1.8/rubygems/custom_require.rb:31:in `require'
    script/server:3
/!\ FAILSAFE /!\  Wed Feb 17 02:18:51 +0100 2010
  Status: 500 Internal Server Error
  /Users/fgruber/Projects/moviebox/app/controllers/application_controller.rb:20: syntax error, unexpected $end, expecting kEND
    /Library/Ruby/Gems/1.8/gems/activesupport-2.3.5/lib/active_support/dependencies.rb:380:in `load_without_new_constant_marking'
    /Library/Ruby/Gems/1.8/gems/activesupport-2.3.5/lib/active_support/dependencies.rb:380:in `load_file'
    /Library/Ruby/Gems/1.8/gems/activesupport-2.3.5/lib/active_support/dependencies.rb:521:in `new_constants_in'
    /Library/Ruby/Gems/1.8/gems/activesupport-2.3.5/lib/active_support/dependencies.rb:379:in `load_file'
    /Library/Ruby/Gems/1.8/gems/activesupport-2.3.5/lib/active_support/dependencies.rb:259:in `require_or_load'
    /Library/Ruby/Gems/1.8/gems/activesupport-2.3.5/lib/active_support/dependencies.rb:425:in `load_missing_constant'
    /Library/Ruby/Gems/1.8/gems/activesupport-2.3.5/lib/active_support/dependencies.rb:80:in `const_missing'
    /Library/Ruby/Gems/1.8/gems/activesupport-2.3.5/lib/active_support/dependencies.rb:92:in `const_missing'
    /Library/Ruby/Gems/1.8/gems/actionpack-2.3.5/lib/action_controller/dispatcher.rb:89:in `dispatch'
    /Library/Ruby/Gems/1.8/gems/actionpack-2.3.5/lib/action_controller/dispatcher.rb:121:in `_call'
    /Library/Ruby/Gems/1.8/gems/actionpack-2.3.5/lib/action_controller/dispatcher.rb:130:in `build_middleware_stack'
    /Library/Ruby/Gems/1.8/gems/activerecord-2.3.5/lib/active_record/query_cache.rb:29:in `call'
    /Library/Ruby/Gems/1.8/gems/activerecord-2.3.5/lib/active_record/query_cache.rb:29:in `call'
    /Library/Ruby/Gems/1.8/gems/activerecord-2.3.5/lib/active_record/connection_adapters/abstract/query_cache.rb:34:in `cache'
    /Library/Ruby/Gems/1.8/gems/activerecord-2.3.5/lib/active_record/query_cache.rb:9:in `cache'
    /Library/Ruby/Gems/1.8/gems/activerecord-2.3.5/lib/active_record/query_cache.rb:28:in `call'
    /Library/Ruby/Gems/1.8/gems/activerecord-2.3.5/lib/active_record/connection_adapters/abstract/connection_pool.rb:361:in `call'
    /Library/Ruby/Gems/1.8/gems/actionpack-2.3.5/lib/action_controller/string_coercion.rb:25:in `call'
    /Library/Ruby/Gems/1.8/gems/rack-1.0.1/lib/rack/head.rb:9:in `call'
    /Library/Ruby/Gems/1.8/gems/rack-1.0.1/lib/rack/methodoverride.rb:24:in `call'
    /Library/Ruby/Gems/1.8/gems/actionpack-2.3.5/lib/action_controller/params_parser.rb:15:in `call'
    /Library/Ruby/Gems/1.8/gems/actionpack-2.3.5/lib/action_controller/session/cookie_store.rb:93:in `call'
    /Library/Ruby/Gems/1.8/gems/actionpack-2.3.5/lib/action_controller/failsafe.rb:26:in `call'
    /Library/Ruby/Gems/1.8/gems/rack-1.0.1/lib/rack/lock.rb:11:in `call'
    /Library/Ruby/Gems/1.8/gems/rack-1.0.1/lib/rack/lock.rb:11:in `synchronize'
    /Library/Ruby/Gems/1.8/gems/rack-1.0.1/lib/rack/lock.rb:11:in `call'
    /Library/Ruby/Gems/1.8/gems/actionpack-2.3.5/lib/action_controller/dispatcher.rb:114:in `call'
    /Library/Ruby/Gems/1.8/gems/actionpack-2.3.5/lib/action_controller/reloader.rb:34:in `run'
    /Library/Ruby/Gems/1.8/gems/actionpack-2.3.5/lib/action_controller/dispatcher.rb:108:in `call'
    /Library/Ruby/Gems/1.8/gems/rails-2.3.5/lib/rails/rack/static.rb:31:in `call'
    /Library/Ruby/Gems/1.8/gems/rack-1.0.1/lib/rack/urlmap.rb:46:in `call'
    /Library/Ruby/Gems/1.8/gems/rack-1.0.1/lib/rack/urlmap.rb:40:in `each'
    /Library/Ruby/Gems/1.8/gems/rack-1.0.1/lib/rack/urlmap.rb:40:in `call'
    /Library/Ruby/Gems/1.8/gems/rails-2.3.5/lib/rails/rack/log_tailer.rb:17:in `call'
    /Library/Ruby/Gems/1.8/gems/rack-1.0.1/lib/rack/content_length.rb:13:in `call'
    /Library/Ruby/Gems/1.8/gems/rack-1.0.1/lib/rack/chunked.rb:15:in `call'
    /Library/Ruby/Gems/1.8/gems/rack-1.0.1/lib/rack/handler/mongrel.rb:64:in `process'
    /System/Library/Frameworks/Ruby.framework/Versions/1.8/usr/lib/ruby/gems/1.8/gems/mongrel-1.1.5/lib/mongrel.rb:159:in `process_client'
    /System/Library/Frameworks/Ruby.framework/Versions/1.8/usr/lib/ruby/gems/1.8/gems/mongrel-1.1.5/lib/mongrel.rb:158:in `each'
    /System/Library/Frameworks/Ruby.framework/Versions/1.8/usr/lib/ruby/gems/1.8/gems/mongrel-1.1.5/lib/mongrel.rb:158:in `process_client'
    /System/Library/Frameworks/Ruby.framework/Versions/1.8/usr/lib/ruby/gems/1.8/gems/mongrel-1.1.5/lib/mongrel.rb:285:in `run'
    /System/Library/Frameworks/Ruby.framework/Versions/1.8/usr/lib/ruby/gems/1.8/gems/mongrel-1.1.5/lib/mongrel.rb:285:in `initialize'
    /System/Library/Frameworks/Ruby.framework/Versions/1.8/usr/lib/ruby/gems/1.8/gems/mongrel-1.1.5/lib/mongrel.rb:285:in `new'
    /System/Library/Frameworks/Ruby.framework/Versions/1.8/usr/lib/ruby/gems/1.8/gems/mongrel-1.1.5/lib/mongrel.rb:285:in `run'
    /System/Library/Frameworks/Ruby.framework/Versions/1.8/usr/lib/ruby/gems/1.8/gems/mongrel-1.1.5/lib/mongrel.rb:268:in `initialize'
    /System/Library/Frameworks/Ruby.framework/Versions/1.8/usr/lib/ruby/gems/1.8/gems/mongrel-1.1.5/lib/mongrel.rb:268:in `new'
    /System/Library/Frameworks/Ruby.framework/Versions/1.8/usr/lib/ruby/gems/1.8/gems/mongrel-1.1.5/lib/mongrel.rb:268:in `run'
    /Library/Ruby/Gems/1.8/gems/rack-1.0.1/lib/rack/handler/mongrel.rb:34:in `run'
    /Library/Ruby/Gems/1.8/gems/rails-2.3.5/lib/commands/server.rb:111
    /Library/Ruby/Site/1.8/rubygems/custom_require.rb:31:in `gem_original_require'
    /Library/Ruby/Site/1.8/rubygems/custom_require.rb:31:in `require'
    script/server:3
/!\ FAILSAFE /!\  Wed Feb 17 02:18:54 +0100 2010
  Status: 500 Internal Server Error
  /Users/fgruber/Projects/moviebox/app/controllers/application_controller.rb:20: syntax error, unexpected $end, expecting kEND
    /Library/Ruby/Gems/1.8/gems/activesupport-2.3.5/lib/active_support/dependencies.rb:380:in `load_without_new_constant_marking'
    /Library/Ruby/Gems/1.8/gems/activesupport-2.3.5/lib/active_support/dependencies.rb:380:in `load_file'
    /Library/Ruby/Gems/1.8/gems/activesupport-2.3.5/lib/active_support/dependencies.rb:521:in `new_constants_in'
    /Library/Ruby/Gems/1.8/gems/activesupport-2.3.5/lib/active_support/dependencies.rb:379:in `load_file'
    /Library/Ruby/Gems/1.8/gems/activesupport-2.3.5/lib/active_support/dependencies.rb:259:in `require_or_load'
    /Library/Ruby/Gems/1.8/gems/activesupport-2.3.5/lib/active_support/dependencies.rb:425:in `load_missing_constant'
    /Library/Ruby/Gems/1.8/gems/activesupport-2.3.5/lib/active_support/dependencies.rb:80:in `const_missing'
    /Library/Ruby/Gems/1.8/gems/activesupport-2.3.5/lib/active_support/dependencies.rb:92:in `const_missing'
    /Library/Ruby/Gems/1.8/gems/actionpack-2.3.5/lib/action_controller/dispatcher.rb:89:in `dispatch'
    /Library/Ruby/Gems/1.8/gems/actionpack-2.3.5/lib/action_controller/dispatcher.rb:121:in `_call'
    /Library/Ruby/Gems/1.8/gems/actionpack-2.3.5/lib/action_controller/dispatcher.rb:130:in `build_middleware_stack'
    /Library/Ruby/Gems/1.8/gems/activerecord-2.3.5/lib/active_record/query_cache.rb:29:in `call'
    /Library/Ruby/Gems/1.8/gems/activerecord-2.3.5/lib/active_record/query_cache.rb:29:in `call'
    /Library/Ruby/Gems/1.8/gems/activerecord-2.3.5/lib/active_record/connection_adapters/abstract/query_cache.rb:34:in `cache'
    /Library/Ruby/Gems/1.8/gems/activerecord-2.3.5/lib/active_record/query_cache.rb:9:in `cache'
    /Library/Ruby/Gems/1.8/gems/activerecord-2.3.5/lib/active_record/query_cache.rb:28:in `call'
    /Library/Ruby/Gems/1.8/gems/activerecord-2.3.5/lib/active_record/connection_adapters/abstract/connection_pool.rb:361:in `call'
    /Library/Ruby/Gems/1.8/gems/actionpack-2.3.5/lib/action_controller/string_coercion.rb:25:in `call'
    /Library/Ruby/Gems/1.8/gems/rack-1.0.1/lib/rack/head.rb:9:in `call'
    /Library/Ruby/Gems/1.8/gems/rack-1.0.1/lib/rack/methodoverride.rb:24:in `call'
    /Library/Ruby/Gems/1.8/gems/actionpack-2.3.5/lib/action_controller/params_parser.rb:15:in `call'
    /Library/Ruby/Gems/1.8/gems/actionpack-2.3.5/lib/action_controller/session/cookie_store.rb:93:in `call'
    /Library/Ruby/Gems/1.8/gems/actionpack-2.3.5/lib/action_controller/failsafe.rb:26:in `call'
    /Library/Ruby/Gems/1.8/gems/rack-1.0.1/lib/rack/lock.rb:11:in `call'
    /Library/Ruby/Gems/1.8/gems/rack-1.0.1/lib/rack/lock.rb:11:in `synchronize'
    /Library/Ruby/Gems/1.8/gems/rack-1.0.1/lib/rack/lock.rb:11:in `call'
    /Library/Ruby/Gems/1.8/gems/actionpack-2.3.5/lib/action_controller/dispatcher.rb:114:in `call'
    /Library/Ruby/Gems/1.8/gems/actionpack-2.3.5/lib/action_controller/reloader.rb:34:in `run'
    /Library/Ruby/Gems/1.8/gems/actionpack-2.3.5/lib/action_controller/dispatcher.rb:108:in `call'
    /Library/Ruby/Gems/1.8/gems/rails-2.3.5/lib/rails/rack/static.rb:31:in `call'
    /Library/Ruby/Gems/1.8/gems/rack-1.0.1/lib/rack/urlmap.rb:46:in `call'
    /Library/Ruby/Gems/1.8/gems/rack-1.0.1/lib/rack/urlmap.rb:40:in `each'
    /Library/Ruby/Gems/1.8/gems/rack-1.0.1/lib/rack/urlmap.rb:40:in `call'
    /Library/Ruby/Gems/1.8/gems/rails-2.3.5/lib/rails/rack/log_tailer.rb:17:in `call'
    /Library/Ruby/Gems/1.8/gems/rack-1.0.1/lib/rack/content_length.rb:13:in `call'
    /Library/Ruby/Gems/1.8/gems/rack-1.0.1/lib/rack/chunked.rb:15:in `call'
    /Library/Ruby/Gems/1.8/gems/rack-1.0.1/lib/rack/handler/mongrel.rb:64:in `process'
    /System/Library/Frameworks/Ruby.framework/Versions/1.8/usr/lib/ruby/gems/1.8/gems/mongrel-1.1.5/lib/mongrel.rb:159:in `process_client'
    /System/Library/Frameworks/Ruby.framework/Versions/1.8/usr/lib/ruby/gems/1.8/gems/mongrel-1.1.5/lib/mongrel.rb:158:in `each'
    /System/Library/Frameworks/Ruby.framework/Versions/1.8/usr/lib/ruby/gems/1.8/gems/mongrel-1.1.5/lib/mongrel.rb:158:in `process_client'
    /System/Library/Frameworks/Ruby.framework/Versions/1.8/usr/lib/ruby/gems/1.8/gems/mongrel-1.1.5/lib/mongrel.rb:285:in `run'
    /System/Library/Frameworks/Ruby.framework/Versions/1.8/usr/lib/ruby/gems/1.8/gems/mongrel-1.1.5/lib/mongrel.rb:285:in `initialize'
    /System/Library/Frameworks/Ruby.framework/Versions/1.8/usr/lib/ruby/gems/1.8/gems/mongrel-1.1.5/lib/mongrel.rb:285:in `new'
    /System/Library/Frameworks/Ruby.framework/Versions/1.8/usr/lib/ruby/gems/1.8/gems/mongrel-1.1.5/lib/mongrel.rb:285:in `run'
    /System/Library/Frameworks/Ruby.framework/Versions/1.8/usr/lib/ruby/gems/1.8/gems/mongrel-1.1.5/lib/mongrel.rb:268:in `initialize'
    /System/Library/Frameworks/Ruby.framework/Versions/1.8/usr/lib/ruby/gems/1.8/gems/mongrel-1.1.5/lib/mongrel.rb:268:in `new'
    /System/Library/Frameworks/Ruby.framework/Versions/1.8/usr/lib/ruby/gems/1.8/gems/mongrel-1.1.5/lib/mongrel.rb:268:in `run'
    /Library/Ruby/Gems/1.8/gems/rack-1.0.1/lib/rack/handler/mongrel.rb:34:in `run'
    /Library/Ruby/Gems/1.8/gems/rails-2.3.5/lib/commands/server.rb:111
    /Library/Ruby/Site/1.8/rubygems/custom_require.rb:31:in `gem_original_require'
    /Library/Ruby/Site/1.8/rubygems/custom_require.rb:31:in `require'
    script/server:3
/!\ FAILSAFE /!\  Wed Feb 17 02:19:35 +0100 2010
  Status: 500 Internal Server Error
  /Users/fgruber/Projects/moviebox/app/controllers/application_controller.rb:20: syntax error, unexpected $end, expecting kEND
    /Library/Ruby/Gems/1.8/gems/activesupport-2.3.5/lib/active_support/dependencies.rb:380:in `load_without_new_constant_marking'
    /Library/Ruby/Gems/1.8/gems/activesupport-2.3.5/lib/active_support/dependencies.rb:380:in `load_file'
    /Library/Ruby/Gems/1.8/gems/activesupport-2.3.5/lib/active_support/dependencies.rb:521:in `new_constants_in'
    /Library/Ruby/Gems/1.8/gems/activesupport-2.3.5/lib/active_support/dependencies.rb:379:in `load_file'
    /Library/Ruby/Gems/1.8/gems/activesupport-2.3.5/lib/active_support/dependencies.rb:259:in `require_or_load'
    /Library/Ruby/Gems/1.8/gems/activesupport-2.3.5/lib/active_support/dependencies.rb:425:in `load_missing_constant'
    /Library/Ruby/Gems/1.8/gems/activesupport-2.3.5/lib/active_support/dependencies.rb:80:in `const_missing'
    /Library/Ruby/Gems/1.8/gems/activesupport-2.3.5/lib/active_support/dependencies.rb:92:in `const_missing'
    /Library/Ruby/Gems/1.8/gems/actionpack-2.3.5/lib/action_controller/dispatcher.rb:89:in `dispatch'
    /Library/Ruby/Gems/1.8/gems/actionpack-2.3.5/lib/action_controller/dispatcher.rb:121:in `_call'
    /Library/Ruby/Gems/1.8/gems/actionpack-2.3.5/lib/action_controller/dispatcher.rb:130:in `build_middleware_stack'
    /Library/Ruby/Gems/1.8/gems/activerecord-2.3.5/lib/active_record/query_cache.rb:29:in `call'
    /Library/Ruby/Gems/1.8/gems/activerecord-2.3.5/lib/active_record/query_cache.rb:29:in `call'
    /Library/Ruby/Gems/1.8/gems/activerecord-2.3.5/lib/active_record/connection_adapters/abstract/query_cache.rb:34:in `cache'
    /Library/Ruby/Gems/1.8/gems/activerecord-2.3.5/lib/active_record/query_cache.rb:9:in `cache'
    /Library/Ruby/Gems/1.8/gems/activerecord-2.3.5/lib/active_record/query_cache.rb:28:in `call'
    /Library/Ruby/Gems/1.8/gems/activerecord-2.3.5/lib/active_record/connection_adapters/abstract/connection_pool.rb:361:in `call'
    /Library/Ruby/Gems/1.8/gems/actionpack-2.3.5/lib/action_controller/string_coercion.rb:25:in `call'
    /Library/Ruby/Gems/1.8/gems/rack-1.0.1/lib/rack/head.rb:9:in `call'
    /Library/Ruby/Gems/1.8/gems/rack-1.0.1/lib/rack/methodoverride.rb:24:in `call'
    /Library/Ruby/Gems/1.8/gems/actionpack-2.3.5/lib/action_controller/params_parser.rb:15:in `call'
    /Library/Ruby/Gems/1.8/gems/actionpack-2.3.5/lib/action_controller/session/cookie_store.rb:93:in `call'
    /Library/Ruby/Gems/1.8/gems/actionpack-2.3.5/lib/action_controller/failsafe.rb:26:in `call'
    /Library/Ruby/Gems/1.8/gems/rack-1.0.1/lib/rack/lock.rb:11:in `call'
    /Library/Ruby/Gems/1.8/gems/rack-1.0.1/lib/rack/lock.rb:11:in `synchronize'
    /Library/Ruby/Gems/1.8/gems/rack-1.0.1/lib/rack/lock.rb:11:in `call'
    /Library/Ruby/Gems/1.8/gems/actionpack-2.3.5/lib/action_controller/dispatcher.rb:114:in `call'
    /Library/Ruby/Gems/1.8/gems/actionpack-2.3.5/lib/action_controller/reloader.rb:34:in `run'
    /Library/Ruby/Gems/1.8/gems/actionpack-2.3.5/lib/action_controller/dispatcher.rb:108:in `call'
    /Library/Ruby/Gems/1.8/gems/rails-2.3.5/lib/rails/rack/static.rb:31:in `call'
    /Library/Ruby/Gems/1.8/gems/rack-1.0.1/lib/rack/urlmap.rb:46:in `call'
    /Library/Ruby/Gems/1.8/gems/rack-1.0.1/lib/rack/urlmap.rb:40:in `each'
    /Library/Ruby/Gems/1.8/gems/rack-1.0.1/lib/rack/urlmap.rb:40:in `call'
    /Library/Ruby/Gems/1.8/gems/rails-2.3.5/lib/rails/rack/log_tailer.rb:17:in `call'
    /Library/Ruby/Gems/1.8/gems/rack-1.0.1/lib/rack/content_length.rb:13:in `call'
    /Library/Ruby/Gems/1.8/gems/rack-1.0.1/lib/rack/chunked.rb:15:in `call'
    /Library/Ruby/Gems/1.8/gems/rack-1.0.1/lib/rack/handler/mongrel.rb:64:in `process'
    /System/Library/Frameworks/Ruby.framework/Versions/1.8/usr/lib/ruby/gems/1.8/gems/mongrel-1.1.5/lib/mongrel.rb:159:in `process_client'
    /System/Library/Frameworks/Ruby.framework/Versions/1.8/usr/lib/ruby/gems/1.8/gems/mongrel-1.1.5/lib/mongrel.rb:158:in `each'
    /System/Library/Frameworks/Ruby.framework/Versions/1.8/usr/lib/ruby/gems/1.8/gems/mongrel-1.1.5/lib/mongrel.rb:158:in `process_client'
    /System/Library/Frameworks/Ruby.framework/Versions/1.8/usr/lib/ruby/gems/1.8/gems/mongrel-1.1.5/lib/mongrel.rb:285:in `run'
    /System/Library/Frameworks/Ruby.framework/Versions/1.8/usr/lib/ruby/gems/1.8/gems/mongrel-1.1.5/lib/mongrel.rb:285:in `initialize'
    /System/Library/Frameworks/Ruby.framework/Versions/1.8/usr/lib/ruby/gems/1.8/gems/mongrel-1.1.5/lib/mongrel.rb:285:in `new'
    /System/Library/Frameworks/Ruby.framework/Versions/1.8/usr/lib/ruby/gems/1.8/gems/mongrel-1.1.5/lib/mongrel.rb:285:in `run'
    /System/Library/Frameworks/Ruby.framework/Versions/1.8/usr/lib/ruby/gems/1.8/gems/mongrel-1.1.5/lib/mongrel.rb:268:in `initialize'
    /System/Library/Frameworks/Ruby.framework/Versions/1.8/usr/lib/ruby/gems/1.8/gems/mongrel-1.1.5/lib/mongrel.rb:268:in `new'
    /System/Library/Frameworks/Ruby.framework/Versions/1.8/usr/lib/ruby/gems/1.8/gems/mongrel-1.1.5/lib/mongrel.rb:268:in `run'
    /Library/Ruby/Gems/1.8/gems/rack-1.0.1/lib/rack/handler/mongrel.rb:34:in `run'
    /Library/Ruby/Gems/1.8/gems/rails-2.3.5/lib/commands/server.rb:111
    /Library/Ruby/Site/1.8/rubygems/custom_require.rb:31:in `gem_original_require'
    /Library/Ruby/Site/1.8/rubygems/custom_require.rb:31:in `require'
    script/server:3


Processing MoviesController#create (for 127.0.0.1 at 2010-02-17 02:21:02) [POST]
  Parameters: {"commit"=>"Create", "authenticity_token"=>"8rL8/xJvGiMFsrfoke1nFATi3c0TEKzc4/WoK0760OI=", "movie"=>{"title"=>"this sux", "path"=>"this xu"}}
  [4;36;1mMovie Create (0.5ms)[0m   [0;1mINSERT INTO "movies" ("created_at", "title", "updated_at", "path") VALUES('2010-02-17 01:21:02', 'this sux', '2010-02-17 01:21:02', 'this xu')[0m
Redirected to http://localhost:3000/movies/5
Completed in 9ms (DB: 0) | 302 Found [http://localhost/movies]


Processing MoviesController#show (for 127.0.0.1 at 2010-02-17 02:21:02) [GET]
  Parameters: {"id"=>"5"}
  [4;35;1mMovie Load (0.2ms)[0m   [0mSELECT * FROM "movies" WHERE ("movies"."id" = 5) [0m
Rendering template within layouts/movies
Rendering movies/show
Completed in 7ms (View: 3, DB: 0) | 200 OK [http://localhost/movies/5]


Processing MoviesController#show (for 127.0.0.1 at 2010-02-17 02:21:45) [GET]
  Parameters: {"id"=>"5"}
  [4;36;1mMovie Load (0.2ms)[0m   [0;1mSELECT * FROM "movies" WHERE ("movies"."id" = 5) [0m
Rendering template within layouts/movies
Rendering movies/show
Completed in 11ms (View: 6, DB: 0) | 200 OK [http://localhost/movies/5]


Processing MoviesController#show (for 127.0.0.1 at 2010-02-17 02:21:46) [GET]
  Parameters: {"id"=>"5"}
  [4;35;1mMovie Load (0.2ms)[0m   [0mSELECT * FROM "movies" WHERE ("movies"."id" = 5) [0m
Rendering template within layouts/movies
Rendering movies/show
Completed in 7ms (View: 2, DB: 0) | 200 OK [http://localhost/movies/5]


Processing MoviesController#show (for 127.0.0.1 at 2010-02-17 02:22:02) [GET]
  Parameters: {"id"=>"5"}
  [4;36;1mMovie Load (0.2ms)[0m   [0;1mSELECT * FROM "movies" WHERE ("movies"."id" = 5) [0m
Rendering template within layouts/movies
Rendering movies/show
Completed in 7ms (View: 2, DB: 0) | 200 OK [http://localhost/movies/5]


Processing MoviesController#show (for 127.0.0.1 at 2010-02-17 02:23:49) [GET]
  Parameters: {"id"=>"5"}
  [4;35;1mMovie Load (0.2ms)[0m   [0mSELECT * FROM "movies" WHERE ("movies"."id" = 5) [0m
Rendering template within layouts/movies
Rendering movies/show
Completed in 10ms (View: 6, DB: 0) | 200 OK [http://localhost/movies/5]


Processing MoviesController#index (for 127.0.0.1 at 2010-02-17 02:23:51) [GET]
  [4;36;1mMovie Load (0.5ms)[0m   [0;1mSELECT * FROM "movies" [0m
Rendering template within layouts/movies
Rendering movies/index
Completed in 15ms (View: 11, DB: 1) | 200 OK [http://localhost/movies]


Processing MoviesController#new (for 127.0.0.1 at 2010-02-17 02:27:17) [GET]
Rendering template within layouts/movies
Rendering movies/new
Completed in 7ms (View: 4, DB: 0) | 200 OK [http://localhost/movies/new]


Processing MoviesController#index (for 127.0.0.1 at 2010-02-17 02:27:19) [GET]
  [4;35;1mMovie Load (0.5ms)[0m   [0mSELECT * FROM "movies" [0m
Rendering template within layouts/movies
Rendering movies/index
Completed in 16ms (View: 12, DB: 1) | 200 OK [http://localhost/movies]


Processing MoviesController#edit (for 127.0.0.1 at 2010-02-17 02:27:24) [GET]
  Parameters: {"id"=>"2"}
  [4;36;1mMovie Load (0.2ms)[0m   [0;1mSELECT * FROM "movies" WHERE ("movies"."id" = 2) [0m
Rendering template within layouts/movies
Rendering movies/edit
Completed in 10ms (View: 5, DB: 0) | 200 OK [http://localhost/movies/2/edit]


Processing MoviesController#update (for 127.0.0.1 at 2010-02-17 02:27:27) [PUT]
  Parameters: {"commit"=>"Update", "authenticity_token"=>"8rL8/xJvGiMFsrfoke1nFATi3c0TEKzc4/WoK0760OI=", "id"=>"2", "movie"=>{"title"=>"a", "path"=>"f"}}
  [4;35;1mMovie Load (0.2ms)[0m   [0mSELECT * FROM "movies" WHERE ("movies"."id" = 2) [0m
  [4;36;1mMovie Update (0.3ms)[0m   [0;1mUPDATE "movies" SET "updated_at" = '2010-02-17 01:27:27', "title" = 'a' WHERE "id" = 2[0m
Redirected to http://localhost:3000/movies/2
Completed in 10ms (DB: 1) | 302 Found [http://localhost/movies/2]


Processing MoviesController#show (for 127.0.0.1 at 2010-02-17 02:27:27) [GET]
  Parameters: {"id"=>"2"}
  [4;35;1mMovie Load (0.2ms)[0m   [0mSELECT * FROM "movies" WHERE ("movies"."id" = 2) [0m
Rendering template within layouts/movies
Rendering movies/show
Completed in 7ms (View: 2, DB: 0) | 200 OK [http://localhost/movies/2]


Processing MoviesController#edit (for 127.0.0.1 at 2010-02-17 02:27:30) [GET]
  Parameters: {"id"=>"2"}
  [4;36;1mMovie Load (0.2ms)[0m   [0;1mSELECT * FROM "movies" WHERE ("movies"."id" = 2) [0m
Rendering template within layouts/movies
Rendering movies/edit
Completed in 9ms (View: 4, DB: 0) | 200 OK [http://localhost/movies/2/edit]


Processing MoviesController#update (for 127.0.0.1 at 2010-02-17 02:27:33) [PUT]
  Parameters: {"commit"=>"Update", "authenticity_token"=>"8rL8/xJvGiMFsrfoke1nFATi3c0TEKzc4/WoK0760OI=", "id"=>"2", "movie"=>{"title"=>"", "path"=>"f"}}
  [4;35;1mMovie Load (0.2ms)[0m   [0mSELECT * FROM "movies" WHERE ("movies"."id" = 2) [0m
Rendering template within layouts/movies
Rendering movies/edit
Completed in 15ms (View: 8, DB: 0) | 200 OK [http://localhost/movies/2]


Processing MoviesController#update (for 127.0.0.1 at 2010-02-17 02:29:52) [PUT]
  Parameters: {"commit"=>"Update", "authenticity_token"=>"8rL8/xJvGiMFsrfoke1nFATi3c0TEKzc4/WoK0760OI=", "id"=>"2", "movie"=>{"title"=>"sdf", "path"=>"f"}}
  [4;36;1mMovie Load (0.2ms)[0m   [0;1mSELECT * FROM "movies" WHERE ("movies"."id" = 2) [0m
  [4;35;1mMovie Update (0.3ms)[0m   [0mUPDATE "movies" SET "updated_at" = '2010-02-17 01:29:52', "title" = 'sdf' WHERE "id" = 2[0m
Redirected to http://localhost:3000/movies/2
Completed in 11ms (DB: 1) | 302 Found [http://localhost/movies/2]


Processing MoviesController#show (for 127.0.0.1 at 2010-02-17 02:29:52) [GET]
  Parameters: {"id"=>"2"}
  [4;36;1mMovie Load (0.2ms)[0m   [0;1mSELECT * FROM "movies" WHERE ("movies"."id" = 2) [0m
Rendering template within layouts/movies
Rendering movies/show
Completed in 7ms (View: 2, DB: 0) | 200 OK [http://localhost/movies/2]


Processing MoviesController#show (for 127.0.0.1 at 2010-02-17 02:40:49) [GET]
  Parameters: {"id"=>"2"}
  [4;35;1mMovie Load (0.2ms)[0m   [0mSELECT * FROM "movies" WHERE ("movies"."id" = 2) [0m
Rendering template within layouts/movies
Rendering movies/show
Completed in 10ms (View: 6, DB: 0) | 200 OK [http://localhost/movies/2]


Processing MoviesController#show (for 127.0.0.1 at 2010-02-17 02:40:49) [GET]
  Parameters: {"id"=>"2"}
  [4;36;1mMovie Load (0.2ms)[0m   [0;1mSELECT * FROM "movies" WHERE ("movies"."id" = 2) [0m
Rendering template within layouts/movies
Rendering movies/show
Completed in 7ms (View: 2, DB: 0) | 200 OK [http://localhost/movies/2]


Processing MoviesController#edit (for 127.0.0.1 at 2010-02-17 02:40:58) [GET]
  Parameters: {"id"=>"2"}
  [4;35;1mMovie Load (0.2ms)[0m   [0mSELECT * FROM "movies" WHERE ("movies"."id" = 2) [0m
Rendering template within layouts/movies
Rendering movies/edit
Completed in 9ms (View: 4, DB: 0) | 200 OK [http://localhost/movies/2/edit]


Processing MoviesController#edit (for 127.0.0.1 at 2010-02-17 02:41:34) [GET]
  Parameters: {"id"=>"2"}
  [4;36;1mMovie Load (0.2ms)[0m   [0;1mSELECT * FROM "movies" WHERE ("movies"."id" = 2) [0m
Rendering template within layouts/movies
Rendering movies/edit
Completed in 12ms (View: 8, DB: 0) | 200 OK [http://localhost/movies/2/edit]


Processing MoviesController#edit (for 127.0.0.1 at 2010-02-17 02:41:35) [GET]
  Parameters: {"id"=>"2"}
  [4;35;1mMovie Load (0.2ms)[0m   [0mSELECT * FROM "movies" WHERE ("movies"."id" = 2) [0m
Rendering template within layouts/movies
Rendering movies/edit
Completed in 9ms (View: 5, DB: 0) | 200 OK [http://localhost/movies/2/edit]


Processing MoviesController#edit (for 127.0.0.1 at 2010-02-17 02:41:37) [GET]
  Parameters: {"id"=>"2"}
  [4;36;1mMovie Load (0.2ms)[0m   [0;1mSELECT * FROM "movies" WHERE ("movies"."id" = 2) [0m
Rendering template within layouts/movies
Rendering movies/edit
Completed in 9ms (View: 4, DB: 0) | 200 OK [http://localhost/movies/2/edit]


Processing MoviesController#index (for 127.0.0.1 at 2010-02-17 02:41:38) [GET]
  [4;35;1mMovie Load (0.6ms)[0m   [0mSELECT * FROM "movies" [0m
Rendering template within layouts/movies
Rendering movies/index
Completed in 20ms (View: 16, DB: 1) | 200 OK [http://localhost/movies]


Processing MoviesController#new (for 127.0.0.1 at 2010-02-17 02:41:42) [GET]
Rendering template within layouts/movies
Rendering movies/new
Completed in 8ms (View: 4, DB: 0) | 200 OK [http://localhost/movies/new]


Processing MoviesController#create (for 127.0.0.1 at 2010-02-17 02:41:45) [POST]
  Parameters: {"commit"=>"Create", "authenticity_token"=>"8rL8/xJvGiMFsrfoke1nFATi3c0TEKzc4/WoK0760OI=", "movie"=>{"title"=>"da", "path"=>"asd"}}
  [4;36;1mMovie Create (0.3ms)[0m   [0;1mINSERT INTO "movies" ("created_at", "title", "updated_at", "path") VALUES('2010-02-17 01:41:45', 'da', '2010-02-17 01:41:45', 'asd')[0m
Redirected to http://localhost:3000/movies/6
Completed in 39ms (DB: 0) | 302 Found [http://localhost/movies]


Processing MoviesController#show (for 127.0.0.1 at 2010-02-17 02:41:45) [GET]
  Parameters: {"id"=>"6"}
  [4;35;1mMovie Load (0.2ms)[0m   [0mSELECT * FROM "movies" WHERE ("movies"."id" = 6) [0m
Rendering template within layouts/movies
Rendering movies/show
Completed in 7ms (View: 2, DB: 0) | 200 OK [http://localhost/movies/6]


Processing MoviesController#index (for 127.0.0.1 at 2010-02-17 02:41:47) [GET]
  [4;36;1mMovie Load (0.6ms)[0m   [0;1mSELECT * FROM "movies" [0m
Rendering template within layouts/movies
Rendering movies/index
Completed in 17ms (View: 13, DB: 1) | 200 OK [http://localhost/movies]


Processing MoviesController#index (for 127.0.0.1 at 2010-02-17 02:42:39) [GET]
  [4;35;1mMovie Load (0.6ms)[0m   [0mSELECT * FROM "movies" [0m
Rendering template within layouts/movies
Rendering movies/index
Completed in 81ms (View: 77, DB: 1) | 200 OK [http://localhost/movies]


Processing MoviesController#index (for 127.0.0.1 at 2010-02-17 02:42:40) [GET]
  [4;36;1mMovie Load (0.6ms)[0m   [0;1mSELECT * FROM "movies" [0m
Rendering template within layouts/movies
Rendering movies/index
Completed in 18ms (View: 14, DB: 1) | 200 OK [http://localhost/movies]


Processing MoviesController#index (for 127.0.0.1 at 2010-02-17 02:56:52) [GET]
  [4;35;1mMovie Load (0.6ms)[0m   [0mSELECT * FROM "movies" [0m
Rendering template within layouts/movies
Rendering movies/index
Completed in 18ms (View: 14, DB: 1) | 200 OK [http://localhost/movies]


Processing MoviesController#index (for 127.0.0.1 at 2010-02-17 02:56:53) [GET]
  [4;36;1mMovie Load (0.6ms)[0m   [0;1mSELECT * FROM "movies" [0m
Rendering template within layouts/movies
Rendering movies/index
Completed in 18ms (View: 14, DB: 1) | 200 OK [http://localhost/movies]


Processing MoviesController#index (for 127.0.0.1 at 2010-02-17 02:57:28) [GET]
  [4;35;1mMovie Load (0.6ms)[0m   [0mSELECT * FROM "movies" [0m
Rendering template within layouts/movies
Rendering movies/index
Completed in 19ms (View: 14, DB: 1) | 200 OK [http://localhost/movies]


Processing MoviesController#index (for 127.0.0.1 at 2010-02-17 02:58:14) [GET]
  [4;36;1mMovie Load (0.7ms)[0m   [0;1mSELECT * FROM "movies" [0m
Rendering template within layouts/movies
Rendering movies/index
Completed in 20ms (View: 15, DB: 1) | 200 OK [http://localhost/movies]


Processing MoviesController#index (for 127.0.0.1 at 2010-02-17 02:58:15) [GET]
  [4;35;1mMovie Load (0.6ms)[0m   [0mSELECT * FROM "movies" [0m
Rendering template within layouts/movies
Rendering movies/index
Completed in 99ms (View: 93, DB: 1) | 200 OK [http://localhost/movies]


Processing MoviesController#index (for 127.0.0.1 at 2010-02-17 03:00:02) [GET]
  [4;36;1mMovie Load (0.6ms)[0m   [0;1mSELECT * FROM "movies" [0m
Rendering template within layouts/movies
Rendering movies/index
Completed in 19ms (View: 15, DB: 1) | 200 OK [http://localhost/movies]


Processing MoviesController#index (for 127.0.0.1 at 2010-02-17 03:01:09) [GET]
  [4;35;1mMovie Load (0.6ms)[0m   [0mSELECT * FROM "movies" [0m
Rendering template within layouts/movies
Rendering movies/index
Completed in 19ms (View: 15, DB: 1) | 200 OK [http://localhost/movies]


Processing MoviesController#index (for 127.0.0.1 at 2010-02-17 03:01:10) [GET]
  [4;36;1mMovie Load (0.6ms)[0m   [0;1mSELECT * FROM "movies" [0m
Rendering template within layouts/movies
Rendering movies/index
Completed in 18ms (View: 14, DB: 1) | 200 OK [http://localhost/movies]


Processing MoviesController#index (for 127.0.0.1 at 2010-02-17 03:02:19) [GET]
  [4;35;1mMovie Load (0.6ms)[0m   [0mSELECT * FROM "movies" [0m
Rendering template within layouts/movies
Rendering movies/index
Completed in 18ms (View: 14, DB: 1) | 200 OK [http://localhost/movies]


Processing MoviesController#index (for 127.0.0.1 at 2010-02-17 03:02:19) [GET]
  [4;36;1mMovie Load (0.6ms)[0m   [0;1mSELECT * FROM "movies" [0m
Rendering template within layouts/movies
Rendering movies/index
Completed in 18ms (View: 14, DB: 1) | 200 OK [http://localhost/movies]


Processing MoviesController#index (for 127.0.0.1 at 2010-02-17 03:02:20) [GET]
  [4;35;1mMovie Load (0.7ms)[0m   [0mSELECT * FROM "movies" [0m
Rendering template within layouts/movies
Rendering movies/index
Completed in 81ms (View: 77, DB: 1) | 200 OK [http://localhost/movies]


Processing MoviesController#index (for 127.0.0.1 at 2010-02-17 03:02:28) [GET]
  [4;36;1mMovie Load (0.6ms)[0m   [0;1mSELECT * FROM "movies" [0m
Rendering template within layouts/movies
Rendering movies/index
Completed in 18ms (View: 14, DB: 1) | 200 OK [http://localhost/movies]


Processing MoviesController#index (for 127.0.0.1 at 2010-02-17 03:03:15) [GET]
  [4;35;1mMovie Load (0.6ms)[0m   [0mSELECT * FROM "movies" [0m
Rendering template within layouts/movies
Rendering movies/index
Completed in 18ms (View: 14, DB: 1) | 200 OK [http://localhost/movies]


Processing MoviesController#index (for 127.0.0.1 at 2010-02-17 03:04:53) [GET]
  [4;36;1mMovie Load (0.6ms)[0m   [0;1mSELECT * FROM "movies" [0m
Rendering template within layouts/movies
Rendering movies/index
Completed in 21ms (View: 17, DB: 1) | 200 OK [http://localhost/movies]


Processing MoviesController#index (for 127.0.0.1 at 2010-02-17 03:04:54) [GET]
  [4;35;1mMovie Load (0.6ms)[0m   [0mSELECT * FROM "movies" [0m
Rendering template within layouts/movies
Rendering movies/index
Completed in 18ms (View: 14, DB: 1) | 200 OK [http://localhost/movies]


Processing MoviesController#index (for 127.0.0.1 at 2010-02-17 03:06:16) [GET]
  [4;36;1mMovie Load (0.6ms)[0m   [0;1mSELECT * FROM "movies" [0m
Rendering template within layouts/movies
Rendering movies/index
Completed in 22ms (View: 18, DB: 1) | 200 OK [http://localhost/movies]


Processing MoviesController#index (for 127.0.0.1 at 2010-02-17 03:06:51) [GET]
  [4;35;1mMovie Load (0.6ms)[0m   [0mSELECT * FROM "movies" [0m
Rendering template within layouts/movies
Rendering movies/index
Completed in 18ms (View: 14, DB: 1) | 200 OK [http://localhost/movies]


Processing MoviesController#index (for 127.0.0.1 at 2010-02-17 03:06:52) [GET]
  [4;36;1mMovie Load (1.1ms)[0m   [0;1mSELECT * FROM "movies" [0m
Rendering template within layouts/movies
Rendering movies/index
Completed in 19ms (View: 14, DB: 1) | 200 OK [http://localhost/movies]


Processing MoviesController#index (for 127.0.0.1 at 2010-02-17 03:07:40) [GET]
  [4;35;1mMovie Load (0.6ms)[0m   [0mSELECT * FROM "movies" [0m
Rendering template within layouts/movies
Rendering movies/index
Completed in 18ms (View: 14, DB: 1) | 200 OK [http://localhost/movies]


Processing MoviesController#index (for 127.0.0.1 at 2010-02-17 03:07:40) [GET]
  [4;36;1mMovie Load (0.7ms)[0m   [0;1mSELECT * FROM "movies" [0m
Rendering template within layouts/movies
Rendering movies/index
Completed in 19ms (View: 14, DB: 1) | 200 OK [http://localhost/movies]


Processing MoviesController#index (for 127.0.0.1 at 2010-02-17 03:08:00) [GET]
  [4;35;1mMovie Load (0.6ms)[0m   [0mSELECT * FROM "movies" [0m
Rendering template within layouts/movies
Rendering movies/index
Completed in 18ms (View: 14, DB: 1) | 200 OK [http://localhost/movies]


Processing MoviesController#index (for 127.0.0.1 at 2010-02-17 03:08:01) [GET]
  [4;36;1mMovie Load (0.6ms)[0m   [0;1mSELECT * FROM "movies" [0m
Rendering template within layouts/movies
Rendering movies/index
Completed in 18ms (View: 14, DB: 1) | 200 OK [http://localhost/movies]


Processing MoviesController#index (for 127.0.0.1 at 2010-02-17 03:09:13) [GET]
  [4;35;1mMovie Load (0.6ms)[0m   [0mSELECT * FROM "movies" [0m
Rendering template within layouts/movies
Rendering movies/index
Completed in 21ms (View: 17, DB: 1) | 200 OK [http://localhost/movies]


Processing MoviesController#index (for 127.0.0.1 at 2010-02-17 03:09:29) [GET]
  [4;36;1mMovie Load (0.6ms)[0m   [0;1mSELECT * FROM "movies" [0m
Rendering template within layouts/movies
Rendering movies/index
Completed in 22ms (View: 18, DB: 1) | 200 OK [http://localhost/movies]


Processing MoviesController#index (for 127.0.0.1 at 2010-02-17 03:09:29) [GET]
  [4;35;1mMovie Load (0.7ms)[0m   [0mSELECT * FROM "movies" [0m
Rendering template within layouts/movies
Rendering movies/index
Completed in 18ms (View: 14, DB: 1) | 200 OK [http://localhost/movies]


Processing MoviesController#destroy (for 127.0.0.1 at 2010-02-17 03:10:08) [DELETE]
  Parameters: {"authenticity_token"=>"8rL8/xJvGiMFsrfoke1nFATi3c0TEKzc4/WoK0760OI=", "id"=>"6"}
  [4;36;1mMovie Load (0.2ms)[0m   [0;1mSELECT * FROM "movies" WHERE ("movies"."id" = 6) [0m
  [4;35;1mMovie Destroy (0.2ms)[0m   [0mDELETE FROM "movies" WHERE "id" = 6[0m
Redirected to http://localhost:3000/movies
Completed in 7ms (DB: 0) | 302 Found [http://localhost/movies/6]


Processing MoviesController#index (for 127.0.0.1 at 2010-02-17 03:10:08) [GET]
  [4;36;1mMovie Load (0.6ms)[0m   [0;1mSELECT * FROM "movies" [0m
Rendering template within layouts/movies
Rendering movies/index
Completed in 16ms (View: 12, DB: 1) | 200 OK [http://localhost/movies]
  [4;36;1mSQL (0.4ms)[0m   [0;1m SELECT name
 FROM sqlite_master
 WHERE type = 'table' AND NOT name = 'sqlite_sequence'
[0m
  [4;35;1mSQL (0.1ms)[0m   [0mSELECT version FROM schema_migrations[0m
Migrating to CreateMovies (20100215132527)
  [4;36;1mSQL (0.2ms)[0m   [0;1mselect sqlite_version(*)[0m
  [4;35;1mSQL (0.2ms)[0m   [0m SELECT name
 FROM sqlite_master
 WHERE type = 'table' AND NOT name = 'sqlite_sequence'
[0m
  [4;36;1mSQL (0.1ms)[0m   [0;1mSELECT version FROM schema_migrations[0m
  [4;35;1mSQL (0.1ms)[0m   [0m SELECT name
 FROM sqlite_master
 WHERE type = 'table' AND NOT name = 'sqlite_sequence'
[0m
  [4;36;1mSQL (0.0ms)[0m   [0;1mPRAGMA index_list("movies")[0m
